<html>
<head>
<title>TestNG:  Default test</title>
<link href="../testng.css" rel="stylesheet" type="text/css" />
<link href="../my-testng.css" rel="stylesheet" type="text/css" />

<style type="text/css">
.log { display: none;} 
.stack-trace { display: none;} 
</style>
<script type="text/javascript">
<!--
function flip(e) {
  current = e.style.display;
  if (current == 'block') {
    e.style.display = 'none';
    return 0;
  }
  else {
    e.style.display = 'block';
    return 1;
  }
}

function toggleBox(szDivId, elem, msg1, msg2)
{
  var res = -1;  if (document.getElementById) {
    res = flip(document.getElementById(szDivId));
  }
  else if (document.all) {
    // this is the way old msie versions work
    res = flip(document.all[szDivId]);
  }
  if(elem) {
    if(res == 0) elem.innerHTML = msg1; else elem.innerHTML = msg2;
  }

}

function toggleAllBoxes() {
  if (document.getElementsByTagName) {
    d = document.getElementsByTagName('div');
    for (i = 0; i < d.length; i++) {
      if (d[i].className == 'log') {
        flip(d[i]);
      }
    }
  }
}

// -->
</script>

</head>
<body>
<h2 align='center'>Default test</h2><table border='1' align="center">
<tr>
<td>Tests passed/Failed/Skipped:</td><td>4/1/0</td>
</tr><tr>
<td>Started on:</td><td>Thu Oct 10 17:10:55 IST 2024</td>
</tr>
<tr><td>Total time:</td><td>599 seconds (599364 ms)</td>
</tr><tr>
<td>Included groups:</td><td></td>
</tr><tr>
<td>Excluded groups:</td><td></td>
</tr>
</table><p/>
<small><i>(Hover the method name to see the test class name)</i></small><p/>
<table width='100%' border='1' class='invocation-failed'>
<tr><td colspan='4' align='center'><b>FAILED TESTS</b></td></tr>
<tr><td><b>Test method</b></td>
<td width="30%"><b>Exception</b></td>
<td width="10%"><b>Time (seconds)</b></td>
<td><b>Instance</b></td>
</tr>
<tr>
<td title='TestRunner.OdyRunner.runScenario()'><b>runScenario</b><br>Test class: TestRunner.OdyRunner<br>Test method: Runs Cucumber Scenarios<br>Parameters: "Check all the elements in Homepage.", "Checking the functionality of OrangeHRM website"</td>
<td><div><pre>java.lang.AssertionError: expected [Arts &amp; Crafts] but found [book]
	at org.testng.Assert.fail(Assert.java:99)
	at org.testng.Assert.failNotEquals(Assert.java:1037)
	at org.testng.Assert.assertEqualsImpl(Assert.java:140)
	at org.testng.Assert.assertEquals(Assert.java:122)
	at org.testng.Assert.assertEquals(Assert.java:629)
	at org.testng.Assert.assertEquals(Assert.java:639)
	at Pages.Homepage_Headerrr.menu_item(Homepage_Headerrr.java:72)
	at StepDefination.Stepdefination.user_should_verify_all_elements_in_homepage(Stepdefination.java:148)
	at ✽.User should verify all elements in homepage.(file:///C:/Users/H3TJL13.cgi/Documents/workspace-spring-tool-suite-4-4.16.0.RELEASE/Odyssey_Project/src/test/resources/Feature/Odyssey.feature:20)
</pre></div><a href='#' onClick='toggleBox("stack-trace377941381", this, "Click to show all stack frames", "Click to hide stack frames")'>Click to show all stack frames</a>
<div class='stack-trace' id='stack-trace377941381'><pre>java.lang.AssertionError: expected [Arts &amp; Crafts] but found [book]
	at org.testng.Assert.fail(Assert.java:99)
	at org.testng.Assert.failNotEquals(Assert.java:1037)
	at org.testng.Assert.assertEqualsImpl(Assert.java:140)
	at org.testng.Assert.assertEquals(Assert.java:122)
	at org.testng.Assert.assertEquals(Assert.java:629)
	at org.testng.Assert.assertEquals(Assert.java:639)
	at Pages.Homepage_Headerrr.menu_item(Homepage_Headerrr.java:72)
	at StepDefination.Stepdefination.user_should_verify_all_elements_in_homepage(Stepdefination.java:148)
	at ✽.User should verify all elements in homepage.(file:///C:/Users/H3TJL13.cgi/Documents/workspace-spring-tool-suite-4-4.16.0.RELEASE/Odyssey_Project/src/test/resources/Feature/Odyssey.feature:20)
</pre></div></td>
<td>35</td>
<td>TestRunner.OdyRunner@1339e7aa</td></tr>
</table><p>
<table width='100%' border='1' class='invocation-passed'>
<tr><td colspan='4' align='center'><b>PASSED TESTS</b></td></tr>
<tr><td><b>Test method</b></td>
<td width="30%"><b>Exception</b></td>
<td width="10%"><b>Time (seconds)</b></td>
<td><b>Instance</b></td>
</tr>
<tr>
<td title='TestRunner.OdyRunner.runScenario()'><b>runScenario</b><br>Test class: TestRunner.OdyRunner<br>Test method: Runs Cucumber Scenarios<br>Parameters: "Check the wishlist and payment scenario", "Checking the functionality of OrangeHRM website"</td>
<td></td>
<td>99</td>
<td>TestRunner.OdyRunner@1339e7aa</td></tr>
<tr>
<td title='TestRunner.OdyRunner.runScenario()'><b>runScenario</b><br>Test class: TestRunner.OdyRunner<br>Test method: Runs Cucumber Scenarios<br>Parameters: "Check the create account scenario.", "Checking the functionality of OrangeHRM website"</td>
<td></td>
<td>112</td>
<td>TestRunner.OdyRunner@1339e7aa</td></tr>
<tr>
<td title='TestRunner.OdyRunner.runScenario()'><b>runScenario</b><br>Test class: TestRunner.OdyRunner<br>Test method: Runs Cucumber Scenarios<br>Parameters: "Check login is successful with valid credentials.", "Checking the functionality of OrangeHRM website"</td>
<td></td>
<td>205</td>
<td>TestRunner.OdyRunner@1339e7aa</td></tr>
<tr>
<td title='TestRunner.OdyRunner.runScenario()'><b>runScenario</b><br>Test class: TestRunner.OdyRunner<br>Test method: Runs Cucumber Scenarios<br>Parameters: "Check the cart scenario", "Checking the functionality of OrangeHRM website"</td>
<td></td>
<td>144</td>
<td>TestRunner.OdyRunner@1339e7aa</td></tr>
</table><p>
</body>
</html>