<?xml version="1.0" encoding="UTF-8"?>
<!-- Generated by org.testng.reporters.JUnitXMLReporter -->
<testsuite ignored="0" hostname="INL-H3TJL13" failures="1" tests="5" name="Default test" time="599.364" errors="0" timestamp="2024-10-10T17:20:55 IST">
  <testcase classname="io.cucumber.testng.AbstractTestNGCucumberTests" name="runScenario" time="112.161"/>
  <testcase classname="io.cucumber.testng.AbstractTestNGCucumberTests" name="runScenario" time="205.379"/>
  <testcase classname="io.cucumber.testng.AbstractTestNGCucumberTests" name="runScenario" time="35.982">
    <failure type="java.lang.AssertionError" message="expected [Arts &amp;amp; Crafts] but found [book]">
      <![CDATA[java.lang.AssertionError: expected [Arts & Crafts] but found [book]
at org.testng.Assert.fail(Assert.java:99)
at org.testng.Assert.failNotEquals(Assert.java:1037)
at org.testng.Assert.assertEqualsImpl(Assert.java:140)
at org.testng.Assert.assertEquals(Assert.java:122)
at org.testng.Assert.assertEquals(Assert.java:629)
at org.testng.Assert.assertEquals(Assert.java:639)
at Pages.Homepage_Headerrr.menu_item(Homepage_Headerrr.java:72)
at StepDefination.Stepdefination.user_should_verify_all_elements_in_homepage(Stepdefination.java:148)
at âœ½.User should verify all elements in homepage.(file:///C:/Users/H3TJL13.cgi/Documents/workspace-spring-tool-suite-4-4.16.0.RELEASE/Odyssey_Project/src/test/resources/Feature/Odyssey.feature:20)
]]>
    </failure>
  </testcase> <!-- runScenario -->
  <testcase classname="io.cucumber.testng.AbstractTestNGCucumberTests" name="runScenario" time="99.819"/>
  <testcase classname="io.cucumber.testng.AbstractTestNGCucumberTests" name="runScenario" time="144.644"/>
</testsuite> <!-- Default test -->
