<?xml version="1.0" encoding="UTF-8"?>
<!-- Generated by org.testng.reporters.JUnitReportReporter -->
<testsuite hostname="INL-H3TJL13" failures="1" tests="5" name="TestRunner.OdyRunner" time="597.985" errors="0" timestamp="2024-10-10T17:20:55 IST" skipped="0">
  <testcase classname="TestRunner.OdyRunner" name="runScenario" time="99.819"/>
  <system-out/>
  <testcase classname="TestRunner.OdyRunner" name="runScenario" time="35.982">
    <failure message="expected [Arts &amp; Crafts] but found [book]" type="java.lang.AssertionError">
      <![CDATA[java.lang.AssertionError: expected [Arts & Crafts] but found [book]
at org.testng.Assert.fail(Assert.java:99)
at org.testng.Assert.failNotEquals(Assert.java:1037)
at org.testng.Assert.assertEqualsImpl(Assert.java:140)
at org.testng.Assert.assertEquals(Assert.java:122)
at org.testng.Assert.assertEquals(Assert.java:629)
at org.testng.Assert.assertEquals(Assert.java:639)
at Pages.Homepage_Headerrr.menu_item(Homepage_Headerrr.java:72)
at StepDefination.Stepdefination.user_should_verify_all_elements_in_homepage(Stepdefination.java:148)
at âœ½.User should verify all elements in homepage.(file:///C:/Users/H3TJL13.cgi/Documents/workspace-spring-tool-suite-4-4.16.0.RELEASE/Odyssey_Project/src/test/resources/Feature/Odyssey.feature:20)
]]>
    </failure>
  </testcase> <!-- runScenario -->
  <system-out/>
  <testcase classname="TestRunner.OdyRunner" name="runScenario" time="112.161"/>
  <system-out/>
  <testcase classname="TestRunner.OdyRunner" name="runScenario" time="205.379"/>
  <system-out/>
  <testcase classname="TestRunner.OdyRunner" name="runScenario" time="144.644"/>
  <system-out/>
</testsuite> <!-- TestRunner.OdyRunner -->
